# JRE version: OpenJDK Runtime Environment Microsoft-10376486 (17.0.13+11) (build 17.0.13+11-LTS)
# Java VM: OpenJDK 64-Bit Server VM Microsoft-10376486 (17.0.13+11-LTS, mixed mode, sharing, tiered, compressed oops, compressed class ptrs, g1 gc, windows-amd64)
GC Precious Log:
 CPUs: 12 total, 12 available
 Memory: 16297M
 Large Page Support: Disabled
 NUMA Support: Disabled
 Compressed Oops: Enabled (32-bit)
 Heap Region Size: 1M
 Heap Min Capacity: 8M
 Heap Initial Capacity: 256M
 Heap Max Capacity: 2G
 Pre-touch: Disabled
 Parallel Workers: 10
 Concurrent Workers: 3
 Concurrent Refinement Workers: 10
 Periodic GC: Disabled
Heap:
 garbage-first heap   total 262144K, used 177619K [0x0000000080000000, 0x0000000100000000)
  region size 1024K, 10 young (10240K), 3 survivors (3072K)
 Metaspace       used 104375K, committed 105536K, reserved 557056K
  class space    used 14564K, committed 15168K, reserved 425984K
GC Heap History (20 events):
Event: 51.545 GC heap before
{Heap before GC invocations=60 (full 0):
 garbage-first heap   total 193536K, used 166865K [0x0000000080000000, 0x0000000100000000)
  region size 1024K, 35 young (35840K), 4 survivors (4096K)
 Metaspace       used 103452K, committed 104576K, reserved 557056K
  class space    used 14464K, committed 15040K, reserved 425984K
}
Event: 51.550 GC heap after
{Heap after GC invocations=61 (full 0):
 garbage-first heap   total 193536K, used 141302K [0x0000000080000000, 0x0000000100000000)
  region size 1024K, 5 young (5120K), 5 survivors (5120K)
 Metaspace       used 103452K, committed 104576K, reserved 557056K
  class space    used 14464K, committed 15040K, reserved 425984K
}
Event: 51.906 GC heap before
{Heap before GC invocations=61 (full 0):
 garbage-first heap   total 193536K, used 163830K [0x0000000080000000, 0x0000000100000000)
  region size 1024K, 27 young (27648K), 5 survivors (5120K)
 Metaspace       used 103910K, committed 105024K, reserved 557056K
  class space    used 14530K, committed 15104K, reserved 425984K
}
Event: 51.910 GC heap after
{Heap after GC invocations=62 (full 0):
 garbage-first heap   total 193536K, used 144283K [0x0000000080000000, 0x0000000100000000)
  region size 1024K, 3 young (3072K), 3 survivors (3072K)
 Metaspace       used 103910K, committed 105024K, reserved 557056K
  class space    used 14530K, committed 15104K, reserved 425984K
}
Event: 52.269 GC heap before
{Heap before GC invocations=62 (full 0):
 garbage-first heap   total 193536K, used 163739K [0x0000000080000000, 0x0000000100000000)
  region size 1024K, 22 young (22528K), 3 survivors (3072K)
 Metaspace       used 104040K, committed 105152K, reserved 557056K
  class space    used 14535K, committed 15104K, reserved 425984K
}
Event: 52.274 GC heap after
{Heap after GC invocations=63 (full 0):
 garbage-first heap   total 193536K, used 147294K [0x0000000080000000, 0x0000000100000000)
  region size 1024K, 3 young (3072K), 3 survivors (3072K)
 Metaspace       used 104040K, committed 105152K, reserved 557056K
  class space    used 14535K, committed 15104K, reserved 425984K
}
Event: 52.351 GC heap before
{Heap before GC invocations=63 (full 0):
 garbage-first heap   total 193536K, used 164702K [0x0000000080000000, 0x0000000100000000)
  region size 1024K, 21 young (21504K), 3 survivors (3072K)
 Metaspace       used 104040K, committed 105152K, reserved 557056K
  class space    used 14535K, committed 15104K, reserved 425984K
}
Event: 52.355 GC heap after
{Heap after GC invocations=64 (full 0):
 garbage-first heap   total 193536K, used 149650K [0x0000000080000000, 0x0000000100000000)
  region size 1024K, 3 young (3072K), 3 survivors (3072K)
 Metaspace       used 104040K, committed 105152K, reserved 557056K
  class space    used 14535K, committed 15104K, reserved 425984K
}
Event: 52.396 GC heap before
{Heap before GC invocations=64 (full 0):
 garbage-first heap   total 193536K, used 165010K [0x0000000080000000, 0x0000000100000000)
  region size 1024K, 19 young (19456K), 3 survivors (3072K)
 Metaspace       used 104041K, committed 105152K, reserved 557056K
  class space    used 14535K, committed 15104K, reserved 425984K
}
Event: 52.399 GC heap after
{Heap after GC invocations=65 (full 0):
 garbage-first heap   total 232448K, used 150520K [0x0000000080000000, 0x0000000100000000)
  region size 1024K, 3 young (3072K), 3 survivors (3072K)
 Metaspace       used 104041K, committed 105152K, reserved 557056K
  class space    used 14535K, committed 15104K, reserved 425984K
}
Event: 52.521 GC heap before
{Heap before GC invocations=65 (full 0):
 garbage-first heap   total 232448K, used 194552K [0x0000000080000000, 0x0000000100000000)
  region size 1024K, 47 young (48128K), 3 survivors (3072K)
 Metaspace       used 104041K, committed 105152K, reserved 557056K
  class space    used 14535K, committed 15104K, reserved 425984K
}
Event: 52.525 GC heap after
{Heap after GC invocations=66 (full 0):
 garbage-first heap   total 232448K, used 152138K [0x0000000080000000, 0x0000000100000000)
  region size 1024K, 4 young (4096K), 4 survivors (4096K)
 Metaspace       used 104041K, committed 105152K, reserved 557056K
  class space    used 14535K, committed 15104K, reserved 425984K
}
Event: 54.367 GC heap before
{Heap before GC invocations=66 (full 0):
 garbage-first heap   total 232448K, used 198218K [0x0000000080000000, 0x0000000100000000)
  region size 1024K, 48 young (49152K), 4 survivors (4096K)
 Metaspace       used 104116K, committed 105216K, reserved 557056K
  class space    used 14541K, committed 15104K, reserved 425984K
}
Event: 54.372 GC heap after
{Heap after GC invocations=67 (full 0):
 garbage-first heap   total 232448K, used 157887K [0x0000000080000000, 0x0000000100000000)
  region size 1024K, 6 young (6144K), 6 survivors (6144K)
 Metaspace       used 104116K, committed 105216K, reserved 557056K
  class space    used 14541K, committed 15104K, reserved 425984K
}
Event: 59.803 GC heap before
{Heap before GC invocations=67 (full 0):
 garbage-first heap   total 232448K, used 197823K [0x0000000080000000, 0x0000000100000000)
  region size 1024K, 43 young (44032K), 6 survivors (6144K)
 Metaspace       used 104375K, committed 105536K, reserved 557056K
  class space    used 14564K, committed 15168K, reserved 425984K
}
Event: 59.810 GC heap after
{Heap after GC invocations=68 (full 0):
 garbage-first heap   total 232448K, used 168153K [0x0000000080000000, 0x0000000100000000)
  region size 1024K, 6 young (6144K), 6 survivors (6144K)
 Metaspace       used 104375K, committed 105536K, reserved 557056K
  class space    used 14564K, committed 15168K, reserved 425984K
}
Event: 59.895 GC heap before
{Heap before GC invocations=68 (full 0):
 garbage-first heap   total 232448K, used 195801K [0x0000000080000000, 0x0000000100000000)
  region size 1024K, 34 young (34816K), 6 survivors (6144K)
 Metaspace       used 104375K, committed 105536K, reserved 557056K
  class space    used 14564K, committed 15168K, reserved 425984K
}
Event: 59.900 GC heap after
{Heap after GC invocations=69 (full 0):
 garbage-first heap   total 232448K, used 171305K [0x0000000080000000, 0x0000000100000000)
  region size 1024K, 3 young (3072K), 3 survivors (3072K)
 Metaspace       used 104375K, committed 105536K, reserved 557056K
  class space    used 14564K, committed 15168K, reserved 425984K
}
Event: 60.015 GC heap before
{Heap before GC invocations=69 (full 0):
 garbage-first heap   total 232448K, used 196905K [0x0000000080000000, 0x0000000100000000)
  region size 1024K, 29 young (29696K), 3 survivors (3072K)
 Metaspace       used 104375K, committed 105536K, reserved 557056K
  class space    used 14564K, committed 15168K, reserved 425984K
}
Event: 60.019 GC heap after
{Heap after GC invocations=70 (full 0):
 garbage-first heap   total 232448K, used 172499K [0x0000000080000000, 0x0000000100000000)
  region size 1024K, 3 young (3072K), 3 survivors (3072K)
 Metaspace       used 104375K, committed 105536K, reserved 557056K
  class space    used 14564K, committed 15168K, reserved 425984K
}

